#lpos   rpos    fdg   nnondblgap      ndblgap  remove?
#----  -----  -----  -----------  -----------  -------
    1    148  0.800          2.0          8.0      yes
    2    147  0.700          3.0          7.0      yes
    3    146  0.600          4.0          6.0      yes
    4    145  0.600          4.0          6.0      yes
    5    144  0.500          5.0          5.0       no
    6    143  0.400          6.0          4.0       no
    7    142  0.400          6.0          4.0       no
   10     26  0.300          7.0          3.0       no
   11     25  0.300          7.0          3.0       no
   12     24  0.400          6.0          4.0       no
   13     23  0.400          6.0          4.0       no
   30     49  0.000         10.0          0.0       no
   31     48  0.000         10.0          0.0       no
   32     47  0.000         10.0          0.0       no
   33     46  0.000         10.0          0.0       no
   35     45  0.000         10.0          0.0       no
  122    141  0.000         10.0          0.0       no
  123    140  0.100          9.0          1.0       no
  125    139  0.200          8.0          2.0       no
  126    138  0.200          8.0          2.0       no
  127    137  0.700          3.0          7.0      yes
