#lpos   rpos    fdg   nnondblgap      ndblgap  remove?
#----  -----  -----  -----------  -----------  -------
    1    148  0.894          2.0         17.0      yes
    2    147  0.840          3.0         16.0      yes
    3    146  0.787          4.0         14.9      yes
    4    145  0.787          4.0         14.9      yes
    5    144  0.259         14.1          4.9       no
    6    143  0.207         15.1          3.9       no
    7    142  0.207         15.1          3.9       no
   10     26  0.161         15.9          3.1       no
   11     25  0.161         15.9          3.1       no
   12     24  0.215         14.9          4.1       no
   13     23  0.215         14.9          4.1       no
   30     49  0.000         19.0          0.0       no
   31     48  0.000         19.0          0.0       no
   32     47  0.000         19.0          0.0       no
   33     46  0.000         19.0          0.0       no
   35     45  0.000         19.0          0.0       no
  122    141  0.000         19.0          0.0       no
  123    140  0.051         18.0          1.0       no
  125    139  0.103         17.0          1.9       no
  126    138  0.103         17.0          1.9       no
  127    137  0.839          3.1         15.9      yes
