#lpos   rpos  avgpp    nnongap       ngap  remove?
#----  -----  -----  ---------  ---------  -------
    1    148  0.750        1.0        9.0      yes
    2    147  0.825        1.5        8.5      yes
    3    146  0.744        2.0        8.0      yes
    4    145  0.744        2.0        8.0      yes
    5    144  0.775        2.5        7.5      yes
    6    143  0.729        3.0        7.0      yes
    7    142  0.729        3.0        7.0      yes
   10     26  0.767        5.0        5.0      yes
   11     25  0.755        5.0        5.0      yes
   12     24  0.725        5.0        5.0      yes
   13     23  0.725        5.0        5.0      yes
   30     49  0.685        8.5        1.5      yes
   31     48  0.709        8.0        2.0      yes
   32     47  0.685        8.5        1.5      yes
   33     46  0.685        8.5        1.5      yes
   35     45  0.732        8.5        1.5      yes
  122    141  0.512        6.5        3.5      yes
  123    140  0.529        6.0        4.0      yes
  125    139  0.550        5.5        4.5      yes
  126    138  0.550        5.5        4.5      yes
  127    137  0.630        2.5        7.5      yes
