#lpos   rpos    fnc   nnondblgap      ndblgap  remove?
#----  -----  -----  -----------  -----------  -------
    1    148  1.000          2.0         17.0      yes
    2    147  1.000          3.0         16.0      yes
    3    146  1.000          4.0         14.9      yes
    4    145  1.000          4.0         14.9      yes
    5    144  1.000         14.1          4.9      yes
    6    143  1.000         15.1          3.9      yes
    7    142  1.000         15.1          3.9      yes
   10     26  0.876         15.9          3.1      yes
   11     25  0.247         15.9          3.1       no
   12     24  0.197         14.9          4.1       no
   13     23  0.197         14.9          4.1       no
   30     49  0.161         19.0          0.0       no
   31     48  0.213         19.0          0.0       no
   32     47  0.213         19.0          0.0       no
   33     46  0.265         19.0          0.0       no
   35     45  0.316         19.0          0.0       no
  122    141  0.893         19.0          0.0      yes
  123    140  0.830         18.0          1.0      yes
  125    139  0.880         17.0          1.9      yes
  126    138  0.880         17.0          1.9      yes
  127    137  0.667          3.1         15.9      yes
