#lpos   rpos    fnc   nnondblgap      ndblgap  remove?
#----  -----  -----  -----------  -----------  -------
    1    148  1.000          2.0          8.0      yes
    2    147  1.000          3.0          7.0      yes
    3    146  1.000          4.0          6.0      yes
    4    145  1.000          4.0          6.0      yes
    5    144  1.000          5.0          5.0      yes
    6    143  1.000          6.0          4.0      yes
    7    142  1.000          6.0          4.0      yes
   10     26  0.714          7.0          3.0      yes
   11     25  0.571          7.0          3.0      yes
   12     24  0.500          6.0          4.0       no
   13     23  0.500          6.0          4.0       no
   30     49  0.300         10.0          0.0       no
   31     48  0.400         10.0          0.0       no
   32     47  0.400         10.0          0.0       no
   33     46  0.500         10.0          0.0       no
   35     45  0.600         10.0          0.0      yes
  122    141  0.800         10.0          0.0      yes
  123    140  0.667          9.0          1.0      yes
  125    139  0.750          8.0          2.0      yes
  126    138  0.750          8.0          2.0      yes
  127    137  0.667          3.0          7.0      yes
