#lpos   rpos  avgpp    nnongap       ngap  remove?
#----  -----  -----  ---------  ---------  -------
    1    148  0.748        1.0       18.0      yes
    2    147  0.824        1.5       17.5      yes
    3    146  0.743        2.0       17.0      yes
    4    145  0.743        2.0       17.0      yes
    5    144  0.855        7.0       12.0      yes
    6    143  0.831        7.5       11.5      yes
    7    142  0.831        7.5       11.5      yes
   10     26  0.853       14.0        5.0      yes
   11     25  0.873       14.0        5.0      yes
   12     24  0.863       13.9        5.1      yes
   13     23  0.863       13.9        5.1      yes
   30     49  0.719       17.5        1.5      yes
   31     48  0.731       17.0        2.0      yes
   32     47  0.719       17.5        1.5      yes
   33     46  0.719       17.5        1.5      yes
   35     45  0.741       17.5        1.5      yes
  122    141  0.426       11.0        8.0      yes
  123    140  0.432       10.5        8.4      yes
  125    139  0.439       10.0        8.9      yes
  126    138  0.439       10.0        8.9      yes
  127    137  0.630        2.6       16.4      yes
